# JRE version: Java(TM) SE Runtime Environment (17.0.10+11) (build 17.0.10+11-LTS-240)
# Java VM: Java HotSpot(TM) 64-Bit Server VM (17.0.10+11-LTS-240, mixed mode, sharing, tiered, compressed oops, compressed class ptrs, g1 gc, windows-amd64)
GC Precious Log:
 CPUs: 4 total, 4 available
 Memory: 8083M
 Large Page Support: Disabled
 NUMA Support: Disabled
 Compressed Oops: Enabled (32-bit)
 Heap Region Size: 1M
 Heap Min Capacity: 8M
 Heap Initial Capacity: 128M
 Heap Max Capacity: 2022M
 Pre-touch: Disabled
 Parallel Workers: 4
 Concurrent Workers: 1
 Concurrent Refinement Workers: 4
 Periodic GC: Disabled
Heap:
 garbage-first heap   total 58368K, used 32797K [0x0000000081a00000, 0x0000000100000000)
  region size 1024K, 13 young (13312K), 4 survivors (4096K)
 Metaspace       used 45959K, committed 46464K, reserved 1114112K
  class space    used 6412K, committed 6656K, reserved 1048576K
GC Heap History (20 events):
Event: 1.775 GC heap before
{Heap before GC invocations=2 (full 0):
 garbage-first heap   total 131072K, used 30478K [0x0000000081a00000, 0x0000000100000000)
  region size 1024K, 23 young (23552K), 2 survivors (2048K)
 Metaspace       used 9532K, committed 9792K, reserved 1114112K
  class space    used 1195K, committed 1344K, reserved 1048576K
}
Event: 1.780 GC heap after
{Heap after GC invocations=3 (full 0):
 garbage-first heap   total 131072K, used 10496K [0x0000000081a00000, 0x0000000100000000)
  region size 1024K, 3 young (3072K), 3 survivors (3072K)
 Metaspace       used 9532K, committed 9792K, reserved 1114112K
  class space    used 1195K, committed 1344K, reserved 1048576K
}
Event: 3.015 GC heap before
{Heap before GC invocations=3 (full 0):
 garbage-first heap   total 131072K, used 67840K [0x0000000081a00000, 0x0000000100000000)
  region size 1024K, 61 young (62464K), 3 survivors (3072K)
 Metaspace       used 21188K, committed 21504K, reserved 1114112K
  class space    used 2736K, committed 2880K, reserved 1048576K
}
Event: 3.027 GC heap after
{Heap after GC invocations=4 (full 0):
 garbage-first heap   total 131072K, used 14238K [0x0000000081a00000, 0x0000000100000000)
  region size 1024K, 7 young (7168K), 7 survivors (7168K)
 Metaspace       used 21188K, committed 21504K, reserved 1114112K
  class space    used 2736K, committed 2880K, reserved 1048576K
}
Event: 3.753 GC heap before
{Heap before GC invocations=5 (full 0):
 garbage-first heap   total 58368K, used 41886K [0x0000000081a00000, 0x0000000100000000)
  region size 1024K, 34 young (34816K), 7 survivors (7168K)
 Metaspace       used 24584K, committed 24960K, reserved 1114112K
  class space    used 3129K, committed 3328K, reserved 1048576K
}
Event: 3.765 GC heap after
{Heap after GC invocations=6 (full 0):
 garbage-first heap   total 58368K, used 16875K [0x0000000081a00000, 0x0000000100000000)
  region size 1024K, 3 young (3072K), 3 survivors (3072K)
 Metaspace       used 24584K, committed 24960K, reserved 1114112K
  class space    used 3129K, committed 3328K, reserved 1048576K
}
Event: 3.797 GC heap before
{Heap before GC invocations=6 (full 0):
 garbage-first heap   total 58368K, used 17899K [0x0000000081a00000, 0x0000000100000000)
  region size 1024K, 4 young (4096K), 3 survivors (3072K)
 Metaspace       used 24710K, committed 25088K, reserved 1114112K
  class space    used 3148K, committed 3328K, reserved 1048576K
}
Event: 3.803 GC heap after
{Heap after GC invocations=7 (full 0):
 garbage-first heap   total 58368K, used 17224K [0x0000000081a00000, 0x0000000100000000)
  region size 1024K, 1 young (1024K), 1 survivors (1024K)
 Metaspace       used 24710K, committed 25088K, reserved 1114112K
  class space    used 3148K, committed 3328K, reserved 1048576K
}
Event: 4.634 GC heap before
{Heap before GC invocations=7 (full 0):
 garbage-first heap   total 58368K, used 39752K [0x0000000081a00000, 0x0000000100000000)
  region size 1024K, 23 young (23552K), 1 survivors (1024K)
 Metaspace       used 28474K, committed 28864K, reserved 1114112K
  class space    used 3731K, committed 3904K, reserved 1048576K
}
Event: 4.639 GC heap after
{Heap after GC invocations=8 (full 0):
 garbage-first heap   total 58368K, used 18036K [0x0000000081a00000, 0x0000000100000000)
  region size 1024K, 2 young (2048K), 2 survivors (2048K)
 Metaspace       used 28474K, committed 28864K, reserved 1114112K
  class space    used 3731K, committed 3904K, reserved 1048576K
}
Event: 5.542 GC heap before
{Heap before GC invocations=8 (full 0):
 garbage-first heap   total 58368K, used 41588K [0x0000000081a00000, 0x0000000100000000)
  region size 1024K, 25 young (25600K), 2 survivors (2048K)
 Metaspace       used 31992K, committed 32448K, reserved 1114112K
  class space    used 4222K, committed 4416K, reserved 1048576K
}
Event: 5.549 GC heap after
{Heap after GC invocations=9 (full 0):
 garbage-first heap   total 58368K, used 19838K [0x0000000081a00000, 0x0000000100000000)
  region size 1024K, 4 young (4096K), 4 survivors (4096K)
 Metaspace       used 31992K, committed 32448K, reserved 1114112K
  class space    used 4222K, committed 4416K, reserved 1048576K
}
Event: 6.471 GC heap before
{Heap before GC invocations=9 (full 0):
 garbage-first heap   total 58368K, used 41342K [0x0000000081a00000, 0x0000000100000000)
  region size 1024K, 26 young (26624K), 4 survivors (4096K)
 Metaspace       used 35423K, committed 35968K, reserved 1114112K
  class space    used 4661K, committed 4928K, reserved 1048576K
}
Event: 6.480 GC heap after
{Heap after GC invocations=10 (full 0):
 garbage-first heap   total 58368K, used 21505K [0x0000000081a00000, 0x0000000100000000)
  region size 1024K, 4 young (4096K), 4 survivors (4096K)
 Metaspace       used 35423K, committed 35968K, reserved 1114112K
  class space    used 4661K, committed 4928K, reserved 1048576K
}
Event: 6.506 GC heap before
{Heap before GC invocations=10 (full 0):
 garbage-first heap   total 58368K, used 21505K [0x0000000081a00000, 0x0000000100000000)
  region size 1024K, 5 young (5120K), 4 survivors (4096K)
 Metaspace       used 35496K, committed 35968K, reserved 1114112K
  class space    used 4666K, committed 4928K, reserved 1048576K
}
Event: 6.513 GC heap after
{Heap after GC invocations=11 (full 0):
 garbage-first heap   total 58368K, used 21673K [0x0000000081a00000, 0x0000000100000000)
  region size 1024K, 2 young (2048K), 2 survivors (2048K)
 Metaspace       used 35496K, committed 35968K, reserved 1114112K
  class space    used 4666K, committed 4928K, reserved 1048576K
}
Event: 7.361 GC heap before
{Heap before GC invocations=12 (full 0):
 garbage-first heap   total 58368K, used 45225K [0x0000000081a00000, 0x0000000100000000)
  region size 1024K, 25 young (25600K), 2 survivors (2048K)
 Metaspace       used 39941K, committed 40384K, reserved 1114112K
  class space    used 5358K, committed 5568K, reserved 1048576K
}
Event: 7.367 GC heap after
{Heap after GC invocations=13 (full 0):
 garbage-first heap   total 58368K, used 23092K [0x0000000081a00000, 0x0000000100000000)
  region size 1024K, 4 young (4096K), 4 survivors (4096K)
 Metaspace       used 39941K, committed 40384K, reserved 1114112K
  class space    used 5358K, committed 5568K, reserved 1048576K
}
Event: 8.145 GC heap before
{Heap before GC invocations=13 (full 0):
 garbage-first heap   total 58368K, used 44596K [0x0000000081a00000, 0x0000000100000000)
  region size 1024K, 25 young (25600K), 4 survivors (4096K)
 Metaspace       used 43692K, committed 44160K, reserved 1114112K
  class space    used 6122K, committed 6336K, reserved 1048576K
}
Event: 8.154 GC heap after
{Heap after GC invocations=14 (full 0):
 garbage-first heap   total 58368K, used 24605K [0x0000000081a00000, 0x0000000100000000)
  region size 1024K, 4 young (4096K), 4 survivors (4096K)
 Metaspace       used 43692K, committed 44160K, reserved 1114112K
  class space    used 6122K, committed 6336K, reserved 1048576K
}

