# JRE version: Java(TM) SE Runtime Environment (17.0.10+11) (build 17.0.10+11-LTS-240)
# Java VM: Java HotSpot(TM) 64-Bit Server VM (17.0.10+11-LTS-240, mixed mode, sharing, tiered, compressed oops, compressed class ptrs, g1 gc, windows-amd64)
GC Precious Log:
 CPUs: 4 total, 4 available
 Memory: 8083M
 Large Page Support: Disabled
 NUMA Support: Disabled
 Compressed Oops: Enabled (32-bit)
 Heap Region Size: 1M
 Heap Min Capacity: 8M
 Heap Initial Capacity: 128M
 Heap Max Capacity: 2022M
 Pre-touch: Disabled
 Parallel Workers: 4
 Concurrent Workers: 1
 Concurrent Refinement Workers: 4
 Periodic GC: Disabled
Heap:
 garbage-first heap   total 86016K, used 33144K [0x0000000081a00000, 0x0000000100000000)
  region size 1024K, 6 young (6144K), 1 survivors (1024K)
 Metaspace       used 60688K, committed 61184K, reserved 1114112K
  class space    used 8149K, committed 8384K, reserved 1048576K
GC Heap History (20 events):
Event: 3.182 GC heap before
{Heap before GC invocations=3 (full 0):
 garbage-first heap   total 131072K, used 67124K [0x0000000081a00000, 0x0000000100000000)
  region size 1024K, 60 young (61440K), 3 survivors (3072K)
 Metaspace       used 21189K, committed 21504K, reserved 1114112K
  class space    used 2737K, committed 2880K, reserved 1048576K
}
Event: 3.192 GC heap after
{Heap after GC invocations=4 (full 0):
 garbage-first heap   total 131072K, used 14539K [0x0000000081a00000, 0x0000000100000000)
  region size 1024K, 7 young (7168K), 7 survivors (7168K)
 Metaspace       used 21189K, committed 21504K, reserved 1114112K
  class space    used 2737K, committed 2880K, reserved 1048576K
}
Event: 4.685 GC heap before
{Heap before GC invocations=5 (full 0):
 garbage-first heap   total 58368K, used 42187K [0x0000000081a00000, 0x0000000100000000)
  region size 1024K, 34 young (34816K), 7 survivors (7168K)
 Metaspace       used 24679K, committed 25152K, reserved 1114112K
  class space    used 3141K, committed 3392K, reserved 1048576K
}
Event: 4.697 GC heap after
{Heap after GC invocations=6 (full 0):
 garbage-first heap   total 58368K, used 17158K [0x0000000081a00000, 0x0000000100000000)
  region size 1024K, 3 young (3072K), 3 survivors (3072K)
 Metaspace       used 24679K, committed 25152K, reserved 1114112K
  class space    used 3141K, committed 3392K, reserved 1048576K
}
Event: 4.741 GC heap before
{Heap before GC invocations=6 (full 0):
 garbage-first heap   total 58368K, used 18182K [0x0000000081a00000, 0x0000000100000000)
  region size 1024K, 4 young (4096K), 3 survivors (3072K)
 Metaspace       used 24816K, committed 25216K, reserved 1114112K
  class space    used 3156K, committed 3392K, reserved 1048576K
}
Event: 4.750 GC heap after
{Heap after GC invocations=7 (full 0):
 garbage-first heap   total 58368K, used 17099K [0x0000000081a00000, 0x0000000100000000)
  region size 1024K, 1 young (1024K), 1 survivors (1024K)
 Metaspace       used 24816K, committed 25216K, reserved 1114112K
  class space    used 3156K, committed 3392K, reserved 1048576K
}
Event: 5.449 GC heap before
{Heap before GC invocations=7 (full 0):
 garbage-first heap   total 58368K, used 39627K [0x0000000081a00000, 0x0000000100000000)
  region size 1024K, 23 young (23552K), 1 survivors (1024K)
 Metaspace       used 28618K, committed 29056K, reserved 1114112K
  class space    used 3740K, committed 3968K, reserved 1048576K
}
Event: 5.453 GC heap after
{Heap after GC invocations=8 (full 0):
 garbage-first heap   total 58368K, used 18097K [0x0000000081a00000, 0x0000000100000000)
  region size 1024K, 2 young (2048K), 2 survivors (2048K)
 Metaspace       used 28618K, committed 29056K, reserved 1114112K
  class space    used 3740K, committed 3968K, reserved 1048576K
}
Event: 6.239 GC heap before
{Heap before GC invocations=8 (full 0):
 garbage-first heap   total 58368K, used 41649K [0x0000000081a00000, 0x0000000100000000)
  region size 1024K, 25 young (25600K), 2 survivors (2048K)
 Metaspace       used 32248K, committed 32640K, reserved 1114112K
  class space    used 4239K, committed 4416K, reserved 1048576K
}
Event: 6.244 GC heap after
{Heap after GC invocations=9 (full 0):
 garbage-first heap   total 58368K, used 20137K [0x0000000081a00000, 0x0000000100000000)
  region size 1024K, 4 young (4096K), 4 survivors (4096K)
 Metaspace       used 32248K, committed 32640K, reserved 1114112K
  class space    used 4239K, committed 4416K, reserved 1048576K
}
Event: 6.875 GC heap before
{Heap before GC invocations=9 (full 0):
 garbage-first heap   total 58368K, used 42665K [0x0000000081a00000, 0x0000000100000000)
  region size 1024K, 26 young (26624K), 4 survivors (4096K)
 Metaspace       used 35549K, committed 35968K, reserved 1114112K
  class space    used 4667K, committed 4864K, reserved 1048576K
}
Event: 6.882 GC heap after
{Heap after GC invocations=10 (full 0):
 garbage-first heap   total 58368K, used 21752K [0x0000000081a00000, 0x0000000100000000)
  region size 1024K, 2 young (2048K), 2 survivors (2048K)
 Metaspace       used 35549K, committed 35968K, reserved 1114112K
  class space    used 4667K, committed 4864K, reserved 1048576K
}
Event: 6.886 GC heap before
{Heap before GC invocations=10 (full 0):
 garbage-first heap   total 58368K, used 21752K [0x0000000081a00000, 0x0000000100000000)
  region size 1024K, 3 young (3072K), 2 survivors (2048K)
 Metaspace       used 35577K, committed 35968K, reserved 1114112K
  class space    used 4670K, committed 4864K, reserved 1048576K
}
Event: 6.889 GC heap after
{Heap after GC invocations=11 (full 0):
 garbage-first heap   total 91136K, used 21885K [0x0000000081a00000, 0x0000000100000000)
  region size 1024K, 1 young (1024K), 1 survivors (1024K)
 Metaspace       used 35577K, committed 35968K, reserved 1114112K
  class space    used 4670K, committed 4864K, reserved 1048576K
}
Event: 8.501 GC heap before
{Heap before GC invocations=12 (full 0):
 garbage-first heap   total 86016K, used 70013K [0x0000000081a00000, 0x0000000100000000)
  region size 1024K, 49 young (50176K), 1 survivors (1024K)
 Metaspace       used 44367K, committed 44864K, reserved 1114112K
  class space    used 6234K, committed 6464K, reserved 1048576K
}
Event: 8.509 GC heap after
{Heap after GC invocations=13 (full 0):
 garbage-first heap   total 86016K, used 24798K [0x0000000081a00000, 0x0000000100000000)
  region size 1024K, 4 young (4096K), 4 survivors (4096K)
 Metaspace       used 44367K, committed 44864K, reserved 1114112K
  class space    used 6234K, committed 6464K, reserved 1048576K
}
Event: 10.022 GC heap before
{Heap before GC invocations=13 (full 0):
 garbage-first heap   total 86016K, used 66782K [0x0000000081a00000, 0x0000000100000000)
  region size 1024K, 45 young (46080K), 4 survivors (4096K)
 Metaspace       used 58324K, committed 58880K, reserved 1114112K
  class space    used 7855K, committed 8128K, reserved 1048576K
}
Event: 10.029 GC heap after
{Heap after GC invocations=14 (full 0):
 garbage-first heap   total 86016K, used 28439K [0x0000000081a00000, 0x0000000100000000)
  region size 1024K, 4 young (4096K), 4 survivors (4096K)
 Metaspace       used 58324K, committed 58880K, reserved 1114112K
  class space    used 7855K, committed 8128K, reserved 1048576K
}
Event: 10.160 GC heap before
{Heap before GC invocations=14 (full 0):
 garbage-first heap   total 86016K, used 33559K [0x0000000081a00000, 0x0000000100000000)
  region size 1024K, 10 young (10240K), 4 survivors (4096K)
 Metaspace       used 59978K, committed 60480K, reserved 1114112K
  class space    used 8036K, committed 8256K, reserved 1048576K
}
Event: 10.166 GC heap after
{Heap after GC invocations=15 (full 0):
 garbage-first heap   total 86016K, used 29048K [0x0000000081a00000, 0x0000000100000000)
  region size 1024K, 1 young (1024K), 1 survivors (1024K)
 Metaspace       used 59978K, committed 60480K, reserved 1114112K
  class space    used 8036K, committed 8256K, reserved 1048576K
}

